2025-03-24 22:26:50,876 [INFO] Activator:176 - 


2025-03-24 22:26:50,892 [INFO] Activator:177 - !SESSION log4j initialized
2025-03-24 22:26:54,956 [ERROR] LogOutputStream:75 - [STDERR_REDIRECT] mar. 24, 2025 10:26:54 P. M. org.glassfish.grizzly.http.server.NetworkListener start
2025-03-24 22:26:54,956 [ERROR] LogOutputStream:75 - [STDERR_REDIRECT] INFORMACIÓN: Started listener bound to [localhost:16721]
2025-03-24 22:26:54,957 [ERROR] LogOutputStream:75 - [STDERR_REDIRECT] 
2025-03-24 22:26:54,957 [ERROR] LogOutputStream:75 - [STDERR_REDIRECT] mar. 24, 2025 10:26:54 P. M. org.glassfish.grizzly.http.server.HttpServer start
2025-03-24 22:26:54,958 [ERROR] LogOutputStream:75 - [STDERR_REDIRECT] INFORMACIÓN: [HttpServer] Started.
2025-03-24 22:26:54,958 [ERROR] LogOutputStream:75 - [STDERR_REDIRECT] 
2025-03-24 22:26:55,499 [INFO] LogOutputStream:77 - [STDOUT_REDIRECT] 
2025-03-24 22:26:56,259 [INFO] ApplicationProperties:184 - Using Application install path: C:\ST\STM32CubeIDE_1.17.0\STM32CubeIDE\plugins\com.st.stm32cube.common.mx_6.14.0.202502271554
2025-03-24 22:26:56,270 [INFO] DbMcusXml:78 - Set database path to: C:\ST\STM32CubeIDE_1.17.0\STM32CubeIDE\plugins\com.st.stm32cube.common.mx_6.14.0.202502271554\\db\/mcu/
2025-03-24 22:26:56,270 [INFO] ApiDb:274 - Set plugin database path to: C:\ST\STM32CubeIDE_1.17.0\STM32CubeIDE\plugins\com.st.stm32cube.common.mx_6.14.0.202502271554\\db\/plugins/boardmanager/
2025-03-24 22:26:56,270 [WARN] ApiDb:259 - Overriding images path with different value:  => C:\ST\STM32CubeIDE_1.17.0\STM32CubeIDE\plugins\com.st.stm32cube.common.mx_6.14.0.202502271554\\db\/plugins/mcufinder/images/
2025-03-24 22:26:56,281 [INFO] ApiDb:250 - Set database path to: C:\Users\User\.stmcufinder\plugins\mcufinder//mcu/
2025-03-24 22:26:56,281 [INFO] DbMcusAds:125 - Set database path to: C:\Users\User\.stmcufinder\plugins\mcufinder//mcu/
2025-03-24 22:26:56,283 [INFO] CrossReferenceDbSqlite:203 - Set database path to: C:\Users\User\.stmcufinder\plugins\mcufinder//mcu/cs/
2025-03-24 22:26:56,363 [INFO] RulesReader:64 - Compatibility file has been processed (301 Rules)
2025-03-24 22:26:56,412 [INFO] DbMcusXml:78 - Set database path to: C:\ST\STM32CubeIDE_1.17.0\STM32CubeIDE\plugins\com.st.stm32cube.common.mx_6.14.0.202502271554\\db\/mcu/
2025-03-24 22:26:56,412 [INFO] ApiDb:274 - Set plugin database path to: C:\ST\STM32CubeIDE_1.17.0\STM32CubeIDE\plugins\com.st.stm32cube.common.mx_6.14.0.202502271554\\db\/plugins/boardmanager/
2025-03-24 22:26:56,412 [INFO] ApiDb:261 - Set plugin images path to: C:\ST\STM32CubeIDE_1.17.0\STM32CubeIDE\plugins\com.st.stm32cube.common.mx_6.14.0.202502271554\\db\/plugins/mcufinder/images/
2025-03-24 22:26:56,412 [WARN] DbFile:41 - Overriding database path with different value: C:\Users\User\.stmcufinder\plugins\mcufinder/ => C:\Users\User\.stmcufinder\plugins\mcufinder
2025-03-24 22:26:56,412 [INFO] ApiDb:250 - Set database path to: C:\Users\User\.stmcufinder\plugins\mcufinder//mcu/
2025-03-24 22:26:56,414 [WARN] DbFile:41 - Overriding database path with different value: C:\Users\User\.stmcufinder\plugins\mcufinder/ => C:\Users\User\.stmcufinder\plugins\mcufinder
2025-03-24 22:26:56,414 [INFO] DbMcusAds:125 - Set database path to: C:\Users\User\.stmcufinder\plugins\mcufinder//mcu/
2025-03-24 22:26:56,414 [WARN] DbFile:41 - Overriding database path with different value: C:\Users\User\.stmcufinder\plugins\mcufinder/ => C:\Users\User\.stmcufinder\plugins\mcufinder
2025-03-24 22:26:56,414 [WARN] DbFile:41 - Overriding database path with different value: C:\Users\User\.stmcufinder\plugins\mcufinder/ => C:\Users\User\.stmcufinder\plugins\mcufinder
2025-03-24 22:26:56,414 [INFO] CrossReferenceDbSqlite:203 - Set database path to: C:\Users\User\.stmcufinder\plugins\mcufinder//mcu/cs/
2025-03-24 22:26:56,466 [INFO] MainPanel:272 - HeapMemory: 281018368
2025-03-24 22:26:56,541 [INFO] DbMcusXml:78 - Set database path to: C:\ST\STM32CubeIDE_1.17.0\STM32CubeIDE\plugins\com.st.stm32cube.common.mx_6.14.0.202502271554\\db\/mcu/
2025-03-24 22:26:56,541 [INFO] ApiDb:274 - Set plugin database path to: C:\ST\STM32CubeIDE_1.17.0\STM32CubeIDE\plugins\com.st.stm32cube.common.mx_6.14.0.202502271554\\db\/plugins/boardmanager/
2025-03-24 22:26:56,541 [INFO] ApiDb:261 - Set plugin images path to: C:\ST\STM32CubeIDE_1.17.0\STM32CubeIDE\plugins\com.st.stm32cube.common.mx_6.14.0.202502271554\\db\/plugins/mcufinder/images/
2025-03-24 22:26:56,541 [WARN] DbFile:41 - Overriding database path with different value: C:\Users\User\.stmcufinder\plugins\mcufinder/ => C:\Users\User\.stmcufinder\plugins\mcufinder
2025-03-24 22:26:56,541 [INFO] ApiDb:250 - Set database path to: C:\Users\User\.stmcufinder\plugins\mcufinder//mcu/
2025-03-24 22:26:56,541 [WARN] DbFile:41 - Overriding database path with different value: C:\Users\User\.stmcufinder\plugins\mcufinder/ => C:\Users\User\.stmcufinder\plugins\mcufinder
2025-03-24 22:26:56,541 [INFO] DbMcusAds:125 - Set database path to: C:\Users\User\.stmcufinder\plugins\mcufinder//mcu/
2025-03-24 22:26:56,541 [WARN] DbFile:41 - Overriding database path with different value: C:\Users\User\.stmcufinder\plugins\mcufinder/ => C:\Users\User\.stmcufinder\plugins\mcufinder
2025-03-24 22:26:56,541 [WARN] DbFile:41 - Overriding database path with different value: C:\Users\User\.stmcufinder\plugins\mcufinder/ => C:\Users\User\.stmcufinder\plugins\mcufinder
2025-03-24 22:26:56,541 [INFO] CrossReferenceDbSqlite:203 - Set database path to: C:\Users\User\.stmcufinder\plugins\mcufinder//mcu/cs/
2025-03-24 22:26:56,551 [INFO] ApplicationProperties:184 - Using Application install path: C:\ST\STM32CubeIDE_1.17.0\STM32CubeIDE\plugins\com.st.stm32cube.common.mx_6.14.0.202502271554
2025-03-24 22:26:56,553 [INFO] PluginManage:196 - Search for loadable plugins [exclusion list=, ]
2025-03-24 22:26:56,554 [INFO] PluginManage:310 - Check plugin analytics
2025-03-24 22:26:56,655 [INFO] AnalyticsPlugin:253 - Accepted Software Licenses: STM32CubeMX.6.13.0
2025-03-24 22:26:56,655 [INFO] AnalyticsPlugin:255 - Accepted CMSIS Pack Licenses: 
2025-03-24 22:26:56,655 [INFO] AnalyticsPlugin:257 - Accepted Firmware Licenses: FW.F4.1.28.0,FW.H7.1.12.0
2025-03-24 22:26:56,657 [INFO] PluginManage:359 - Loaded plugin analytics (category:tool,tabindex:-1)
2025-03-24 22:26:56,657 [INFO] PluginManage:310 - Check plugin cadmodel
2025-03-24 22:26:56,662 [INFO] CADModel:105 - Init CAD model plugin
2025-03-24 22:26:56,662 [INFO] PluginManage:359 - Loaded plugin cadmodel (category:power,tabindex:5)
2025-03-24 22:26:56,662 [INFO] PluginManage:310 - Check plugin clock
2025-03-24 22:26:56,670 [INFO] PluginManage:359 - Loaded plugin clock (category:base,tabindex:2)
2025-03-24 22:26:56,670 [INFO] PluginManage:310 - Check plugin ddr
2025-03-24 22:26:56,672 [INFO] PluginManage:359 - Loaded plugin ddr (category:tool,tabindex:6)
2025-03-24 22:26:56,672 [INFO] PluginManage:310 - Check plugin filemanager
2025-03-24 22:26:56,811 [INFO] PluginManage:359 - Loaded plugin filemanager (category:base,tabindex:10)
2025-03-24 22:26:56,811 [INFO] PluginManage:310 - Check plugin ipmanager
2025-03-24 22:26:56,820 [INFO] PluginManage:359 - Loaded plugin ipmanager (category:base,tabindex:5)
2025-03-24 22:26:56,820 [INFO] PluginManage:310 - Check plugin lpbam
2025-03-24 22:26:56,826 [INFO] PluginManage:359 - Loaded plugin lpbam (category:base,tabindex:0)
2025-03-24 22:26:56,826 [INFO] PluginManage:310 - Check plugin memorymap
2025-03-24 22:26:56,835 [INFO] PluginManage:359 - Loaded plugin memorymap (category:base,tabindex:4)
2025-03-24 22:26:56,835 [INFO] PluginManage:310 - Check plugin pinoutandconfiguration
2025-03-24 22:26:56,841 [INFO] PluginManage:359 - Loaded plugin pinoutandconfiguration (category:base,tabindex:1)
2025-03-24 22:26:56,841 [INFO] PluginManage:310 - Check plugin pinoutconfig
2025-03-24 22:26:56,887 [WARN] SupportedApi:132 - Cannot load RTOS API schema: s4s-elt-must-match.1: The content of 'definitions' must match (annotation?, (simpleType | complexType)?, (unique | key | keyref)*)). A problem was found starting at: attribute.
2025-03-24 22:26:56,952 [INFO] PluginManage:359 - Loaded plugin pinoutconfig (category:base,tabindex:0)
2025-03-24 22:26:56,952 [INFO] PluginManage:310 - Check plugin power
2025-03-24 22:26:56,957 [INFO] PluginManage:359 - Loaded plugin power (category:power,tabindex:4)
2025-03-24 22:26:56,957 [INFO] PluginManage:310 - Check plugin projectmanager
2025-03-24 22:26:56,967 [INFO] PluginManage:359 - Loaded plugin projectmanager (category:projectmanager,tabindex:4)
2025-03-24 22:26:56,967 [INFO] PluginManage:310 - Check plugin rif
2025-03-24 22:26:56,971 [INFO] PluginManage:359 - Loaded plugin rif (category:base,tabindex:3)
2025-03-24 22:26:56,971 [INFO] PluginManage:310 - Check plugin thirdparty
2025-03-24 22:26:57,045 [INFO] PluginManage:359 - Loaded plugin thirdparty (category:base,tabindex:-1)
2025-03-24 22:26:57,045 [INFO] PluginManage:310 - Check plugin tools
2025-03-24 22:26:57,045 [WARN] IntegrityCheckThread:84 - waiting for thirdparty lock release [integrity check]
2025-03-24 22:26:57,045 [INFO] IntegrityCheckThread:86 - entering critical section [integrity check]
2025-03-24 22:26:57,045 [INFO] ThirdPartyUpdaterWithRetryManager:70 - Updater plugin not ready yet. [1/15]
2025-03-24 22:26:57,047 [INFO] PluginManage:359 - Loaded plugin tools (category:base,tabindex:7)
2025-03-24 22:26:57,047 [INFO] PluginManage:310 - Check plugin tutovideos
2025-03-24 22:26:57,136 [INFO] PluginManage:359 - Loaded plugin tutovideos (category:base,tabindex:-1)
2025-03-24 22:26:57,136 [INFO] PluginManage:310 - Check plugin updater
2025-03-24 22:26:57,149 [INFO] PluginManage:359 - Loaded plugin updater (category:base,tabindex:12)
2025-03-24 22:26:57,149 [INFO] PluginManage:310 - Check plugin userauth
2025-03-24 22:26:57,152 [INFO] UserAuth:118 - Init User Auth plugin
2025-03-24 22:26:57,152 [INFO] PluginManage:359 - Loaded plugin userauth (category:base,tabindex:14)
2025-03-24 22:26:57,152 [INFO] PluginManage:283 - PluginManage : Loaded plugins [18]
2025-03-24 22:26:57,266 [INFO] PinOutPanel:1589 - setPackage(No Configuration,No Configuration)
2025-03-24 22:26:57,311 [INFO] CADModel:165 - CPN selected for project level
2025-03-24 22:26:57,312 [INFO] CADModel:114 - Register for checkConnection events
2025-03-24 22:26:57,322 [INFO] IPUIPlugin:80 - create IPUIPlugin
2025-03-24 22:26:57,322 [INFO] PluginManager:220 - loadIPPluginJar : add adc
2025-03-24 22:26:57,324 [INFO] IPUIPlugin:80 - create IPUIPlugin
2025-03-24 22:26:57,324 [INFO] PluginManager:220 - loadIPPluginJar : add aes
2025-03-24 22:26:57,325 [INFO] IPUIPlugin:80 - create IPUIPlugin
2025-03-24 22:26:57,325 [INFO] PluginManager:220 - loadIPPluginJar : add can
2025-03-24 22:26:57,326 [INFO] IPUIPlugin:80 - create IPUIPlugin
2025-03-24 22:26:57,326 [INFO] PluginManager:220 - loadIPPluginJar : add comp
2025-03-24 22:26:57,327 [INFO] IPUIPlugin:80 - create IPUIPlugin
2025-03-24 22:26:57,327 [INFO] PluginManager:220 - loadIPPluginJar : add cryp
2025-03-24 22:26:57,330 [INFO] IPUIPlugin:80 - create IPUIPlugin
2025-03-24 22:26:57,330 [INFO] PluginManager:220 - loadIPPluginJar : add ddr_ctrl_phy
2025-03-24 22:26:57,331 [INFO] IPUIPlugin:80 - create IPUIPlugin
2025-03-24 22:26:57,331 [INFO] PluginManager:220 - loadIPPluginJar : add dfsdm
2025-03-24 22:26:57,334 [INFO] IPUIPlugin:80 - create IPUIPlugin
2025-03-24 22:26:57,334 [INFO] PluginManager:220 - loadIPPluginJar : add dma
2025-03-24 22:26:57,336 [INFO] IPUIPlugin:80 - create IPUIPlugin
2025-03-24 22:26:57,336 [INFO] PluginManager:220 - loadIPPluginJar : add dma3
2025-03-24 22:26:57,337 [INFO] IPUIPlugin:80 - create IPUIPlugin
2025-03-24 22:26:57,337 [INFO] PluginManager:220 - loadIPPluginJar : add extmemmanager
2025-03-24 22:26:57,338 [INFO] IPUIPlugin:80 - create IPUIPlugin
2025-03-24 22:26:57,338 [INFO] PluginManager:220 - loadIPPluginJar : add fatfs
2025-03-24 22:26:57,340 [INFO] IPUIPlugin:80 - create IPUIPlugin
2025-03-24 22:26:57,340 [INFO] PluginManager:220 - loadIPPluginJar : add fmc
2025-03-24 22:26:57,343 [INFO] IPUIPlugin:80 - create IPUIPlugin
2025-03-24 22:26:57,343 [INFO] PluginManager:220 - loadIPPluginJar : add freertos
2025-03-24 22:26:57,344 [INFO] IPUIPlugin:80 - create IPUIPlugin
2025-03-24 22:26:57,344 [INFO] PluginManager:220 - loadIPPluginJar : add genericplugin
2025-03-24 22:26:57,345 [INFO] IPUIPlugin:80 - create IPUIPlugin
2025-03-24 22:26:57,345 [INFO] PluginManager:220 - loadIPPluginJar : add gfxmmu
2025-03-24 22:26:57,347 [INFO] IPUIPlugin:80 - create IPUIPlugin
2025-03-24 22:26:57,347 [INFO] PluginManager:220 - loadIPPluginJar : add gic
2025-03-24 22:26:57,350 [INFO] IPUIPlugin:80 - create IPUIPlugin
2025-03-24 22:26:57,350 [INFO] PluginManager:220 - loadIPPluginJar : add gpio
2025-03-24 22:26:57,351 [INFO] IPUIPlugin:80 - create IPUIPlugin
2025-03-24 22:26:57,351 [INFO] PluginManager:220 - loadIPPluginJar : add gtzc
2025-03-24 22:26:57,352 [INFO] IPUIPlugin:80 - create IPUIPlugin
2025-03-24 22:26:57,352 [INFO] PluginManager:220 - loadIPPluginJar : add hash
2025-03-24 22:26:57,354 [INFO] IPUIPlugin:80 - create IPUIPlugin
2025-03-24 22:26:57,354 [INFO] PluginManager:220 - loadIPPluginJar : add i2c
2025-03-24 22:26:57,355 [INFO] IPUIPlugin:80 - create IPUIPlugin
2025-03-24 22:26:57,355 [INFO] PluginManager:220 - loadIPPluginJar : add i2s
2025-03-24 22:26:57,356 [INFO] IPUIPlugin:80 - create IPUIPlugin
2025-03-24 22:26:57,356 [INFO] PluginManager:220 - loadIPPluginJar : add i3c
2025-03-24 22:26:57,359 [INFO] IPUIPlugin:80 - create IPUIPlugin
2025-03-24 22:26:57,359 [INFO] PluginManager:220 - loadIPPluginJar : add ipddr
2025-03-24 22:26:57,363 [INFO] IPUIPlugin:80 - create IPUIPlugin
2025-03-24 22:26:57,363 [INFO] PluginManager:220 - loadIPPluginJar : add linkedlist
2025-03-24 22:26:57,364 [INFO] IPUIPlugin:80 - create IPUIPlugin
2025-03-24 22:26:57,364 [INFO] PluginManager:220 - loadIPPluginJar : add lorawan
2025-03-24 22:26:57,366 [INFO] IPUIPlugin:80 - create IPUIPlugin
2025-03-24 22:26:57,366 [INFO] PluginManager:220 - loadIPPluginJar : add ltdc
2025-03-24 22:26:57,369 [INFO] IPUIPlugin:80 - create IPUIPlugin
2025-03-24 22:26:57,369 [INFO] PluginManager:220 - loadIPPluginJar : add mdma
2025-03-24 22:26:57,370 [INFO] IPUIPlugin:80 - create IPUIPlugin
2025-03-24 22:26:57,371 [INFO] PluginManager:220 - loadIPPluginJar : add nvic
2025-03-24 22:26:57,373 [INFO] IPUIPlugin:80 - create IPUIPlugin
2025-03-24 22:26:57,373 [INFO] PluginManager:220 - loadIPPluginJar : add opamp
2025-03-24 22:26:57,374 [INFO] IPUIPlugin:80 - create IPUIPlugin
2025-03-24 22:26:57,374 [INFO] PluginManager:220 - loadIPPluginJar : add openamp
2025-03-24 22:26:57,376 [INFO] IPUIPlugin:80 - create IPUIPlugin
2025-03-24 22:26:57,376 [INFO] PluginManager:220 - loadIPPluginJar : add pdm2pcm
2025-03-24 22:26:57,379 [INFO] IPUIPlugin:80 - create IPUIPlugin
2025-03-24 22:26:57,380 [INFO] PluginManager:220 - loadIPPluginJar : add plateformsettings
2025-03-24 22:26:57,381 [INFO] IPUIPlugin:80 - create IPUIPlugin
2025-03-24 22:26:57,381 [INFO] PluginManager:220 - loadIPPluginJar : add quadspi
2025-03-24 22:26:57,382 [INFO] IPUIPlugin:80 - create IPUIPlugin
2025-03-24 22:26:57,382 [INFO] PluginManager:220 - loadIPPluginJar : add radio
2025-03-24 22:26:57,384 [INFO] IPUIPlugin:80 - create IPUIPlugin
2025-03-24 22:26:57,384 [INFO] PluginManager:220 - loadIPPluginJar : add resmgrutility
2025-03-24 22:26:57,385 [INFO] IPUIPlugin:80 - create IPUIPlugin
2025-03-24 22:26:57,385 [INFO] PluginManager:220 - loadIPPluginJar : add sai
2025-03-24 22:26:57,386 [INFO] IPUIPlugin:80 - create IPUIPlugin
2025-03-24 22:26:57,386 [INFO] PluginManager:220 - loadIPPluginJar : add spi
2025-03-24 22:26:57,390 [INFO] IPUIPlugin:80 - create IPUIPlugin
2025-03-24 22:26:57,390 [INFO] PluginManager:220 - loadIPPluginJar : add stm32_wpan
2025-03-24 22:26:57,392 [INFO] IPUIPlugin:80 - create IPUIPlugin
2025-03-24 22:26:57,392 [INFO] PluginManager:220 - loadIPPluginJar : add tim
2025-03-24 22:26:57,393 [INFO] IPUIPlugin:80 - create IPUIPlugin
2025-03-24 22:26:57,393 [INFO] PluginManager:220 - loadIPPluginJar : add touchsensing
2025-03-24 22:26:57,394 [INFO] IPUIPlugin:80 - create IPUIPlugin
2025-03-24 22:26:57,394 [INFO] PluginManager:220 - loadIPPluginJar : add tracer_emb
2025-03-24 22:26:57,396 [INFO] IPUIPlugin:80 - create IPUIPlugin
2025-03-24 22:26:57,396 [INFO] PluginManager:220 - loadIPPluginJar : add ts
2025-03-24 22:26:57,396 [INFO] IPUIPlugin:80 - create IPUIPlugin
2025-03-24 22:26:57,396 [INFO] PluginManager:220 - loadIPPluginJar : add tsc
2025-03-24 22:26:57,398 [INFO] IPUIPlugin:80 - create IPUIPlugin
2025-03-24 22:26:57,398 [INFO] PluginManager:220 - loadIPPluginJar : add ucpd
2025-03-24 22:26:57,399 [INFO] IPUIPlugin:80 - create IPUIPlugin
2025-03-24 22:26:57,399 [INFO] PluginManager:220 - loadIPPluginJar : add usart
2025-03-24 22:26:57,401 [INFO] IPUIPlugin:80 - create IPUIPlugin
2025-03-24 22:26:57,401 [INFO] PluginManager:220 - loadIPPluginJar : add usbx
2025-03-24 22:26:57,500 [FATAL] Updater:351 - Updater called before beeing initialized
2025-03-24 22:26:57,517 [INFO] RulesReader:64 - Compatibility file has been processed (301 Rules)
2025-03-24 22:26:57,524 [INFO] RulesReader:64 - Compatibility file has been processed (301 Rules)
2025-03-24 22:26:57,531 [INFO] CADModel:165 - CPN selected for project level
2025-03-24 22:26:57,532 [INFO] CADModel:114 - Register for checkConnection events
2025-03-24 22:26:57,532 [FATAL] Updater:351 - Updater called before beeing initialized
2025-03-24 22:26:57,532 [ERROR] CADModel:125 - Updater not yet initialized, retry later 
2025-03-24 22:26:57,609 [FATAL] Updater:351 - Updater called before beeing initialized
2025-03-24 22:26:57,610 [INFO] CADModel:165 - CPN selected for project level
2025-03-24 22:26:57,610 [INFO] CADModel:114 - Register for checkConnection events
2025-03-24 22:26:57,610 [FATAL] Updater:351 - Updater called before beeing initialized
2025-03-24 22:26:57,610 [ERROR] CADModel:125 - Updater not yet initialized, retry later 
2025-03-24 22:26:57,612 [FATAL] Updater:351 - Updater called before beeing initialized
2025-03-24 22:26:57,672 [FATAL] Updater:351 - Updater called before beeing initialized
2025-03-24 22:26:57,674 [INFO] DbMcusAds:53 - JSON generation date=Thu Mar 06 09:54:21 PET 2025 (1741272861825)
2025-03-24 22:26:57,674 [FATAL] Updater:351 - Updater called before beeing initialized
2025-03-24 22:26:57,697 [WARN] DetailPanel:346 - Failed to get advertising image, set to default
2025-03-24 22:26:57,835 [FATAL] Updater:351 - Updater called before beeing initialized
2025-03-24 22:26:57,837 [FATAL] Updater:351 - Updater called before beeing initialized
2025-03-24 22:26:57,837 [FATAL] Updater:351 - Updater called before beeing initialized
2025-03-24 22:26:57,837 [WARN] DetailPanel:346 - Failed to get advertising image, set to default
2025-03-24 22:26:57,837 [FATAL] Updater:351 - Updater called before beeing initialized
2025-03-24 22:26:57,860 [ERROR] Updater:1198 - MainUpdater not yet initialized. External WinMGr cannot be set.
2025-03-24 22:26:57,861 [INFO] Updater:1134 - Updater Version found : 6.14.0
2025-03-24 22:26:57,872 [INFO] ApplicationProperties:184 - Using Application install path: C:\ST\STM32CubeIDE_1.17.0\STM32CubeIDE\plugins\com.st.stm32cube.common.mx_6.14.0.202502271554
2025-03-24 22:26:59,435 [ERROR] LogOutputStream:75 - [STDERR_REDIRECT] Mar 24, 2025 10:26:59 PM java.util.prefs.WindowsPreferences <init>
2025-03-24 22:26:59,435 [ERROR] LogOutputStream:75 - [STDERR_REDIRECT] WARNING: Could not open/create prefs root node Software\JavaSoft\Prefs at root 0xffffffff80000002. Windows RegCreateKeyEx(...) returned error code 5.
2025-03-24 22:26:59,436 [ERROR] LogOutputStream:75 - [STDERR_REDIRECT] 
2025-03-24 22:26:59,797 [INFO] MainUpdater:2872 - connection check result : 10
2025-03-24 22:26:59,798 [INFO] MainUpdater:289 - Updater Check For Update Now.
2025-03-24 22:26:59,798 [INFO] MicroXplorer:498 - Change Database Version : DB.6.0.140
2025-03-24 22:26:59,804 [INFO] McuFinderGlobals:63 - Set McuFinder mode to 2 (CubeIDE integrated)
2025-03-24 22:26:59,804 [INFO] UserAuth:171 - activating auth plugin
2025-03-24 22:26:59,806 [INFO] UserAuth:486 - Internet connection configuration mode: 1
2025-03-24 22:26:59,826 [INFO] JxBrowserEngine:152 - Initiate JxBrowser Engine with user profile folder
2025-03-24 22:26:59,939 [INFO] CheckServerUpdateThread:120 - End of CheckServer Thread
2025-03-24 22:27:00,278 [WARN] PackLoader:240 - Cannot read IP mode file for STMicroelectronics.FP-SNS-MOTENVWB1.1.4.0
2025-03-24 22:27:00,292 [WARN] PackLoader:240 - Cannot read IP mode file for STMicroelectronics.FP-ATR-ASTRA1.2.0.2
2025-03-24 22:27:00,299 [WARN] PackLoader:240 - Cannot read IP mode file for STMicroelectronics.FP-ATR-ASTRA1.2.0.1
2025-03-24 22:27:00,310 [WARN] PackLoader:240 - Cannot read IP mode file for STMicroelectronics.X-CUBE-SMBUS.2.1.0
2025-03-24 22:27:00,314 [WARN] PackLoader:240 - Cannot read IP mode file for STMicroelectronics.X-CUBE-WB05N.1.1.0
2025-03-24 22:27:00,328 [WARN] PackLoader:240 - Cannot read IP mode file for STMicroelectronics.X-CUBE-AZRTOS-F7.1.1.0
2025-03-24 22:27:00,333 [WARN] PackLoader:240 - Cannot read IP mode file for STMicroelectronics.FP-SNS-FLIGHT1.5.0.2
2025-03-24 22:27:00,346 [WARN] PackLoader:240 - Cannot read IP mode file for Infineon.AIROC-Wi-Fi-Bluetooth-STM32.1.7.0
2025-03-24 22:27:00,354 [WARN] PackLoader:240 - Cannot read IP mode file for STMicroelectronics.X-CUBE-DISPLAY.3.0.0
2025-03-24 22:27:00,359 [WARN] PackLoader:240 - Cannot read IP mode file for STMicroelectronics.X-CUBE-BLE1.7.0.0
2025-03-24 22:27:00,363 [WARN] PackLoader:240 - Cannot read IP mode file for STMicroelectronics.X-CUBE-NFC10.1.0.0
2025-03-24 22:27:00,369 [WARN] PackLoader:240 - Cannot read IP mode file for STMicroelectronics.X-CUBE-BLEMGR.4.0.0
2025-03-24 22:27:00,374 [WARN] PackLoader:240 - Cannot read IP mode file for emotas.I-CUBE-CANOPEN.1.3.0
2025-03-24 22:27:00,377 [WARN] PackLoader:240 - Cannot read IP mode file for STMicroelectronics.X-CUBE-AI.10.0.0
2025-03-24 22:27:00,380 [WARN] PackLoader:240 - Cannot read IP mode file for STMicroelectronics.FP-SNS-SMARTAG2.1.2.0
2025-03-24 22:27:00,383 [WARN] PackLoader:240 - Cannot read IP mode file for STMicroelectronics.FP-SNS-FLIGHT1.5.1.0
2025-03-24 22:27:00,400 [WARN] PackLoader:240 - Cannot read IP mode file for STMicroelectronics.X-CUBE-MEMS1.11.1.0
2025-03-24 22:27:00,531 [INFO] LogOutputStream:77 - [STDOUT_REDIRECT] 1 : Invalid condition id : UX_CORESTACK_Condition cause : null
2025-03-24 22:27:00,532 [INFO] LogOutputStream:77 - [STDOUT_REDIRECT] 1 : Invalid condition id : UX_CORESTACK_Condition cause : null
2025-03-24 22:27:00,533 [INFO] LogOutputStream:77 - [STDOUT_REDIRECT] 1 : Invalid condition id : UX_CORESTACK_Condition cause : null
2025-03-24 22:27:00,533 [INFO] LogOutputStream:77 - [STDOUT_REDIRECT] 1 : Invalid condition id : UX_CORESTACK_Condition cause : null
2025-03-24 22:27:00,534 [INFO] LogOutputStream:77 - [STDOUT_REDIRECT] 1 : Invalid condition id : UX_CORESTACK_Condition cause : null
2025-03-24 22:27:00,536 [WARN] PackLoader:240 - Cannot read IP mode file for STMicroelectronics.X-CUBE-AZRTOS-WL.2.0.0
2025-03-24 22:27:00,544 [WARN] PackLoader:240 - Cannot read IP mode file for STMicroelectronics.FP-SNS-MOTENV1.5.0.0
2025-03-24 22:27:00,550 [WARN] PackLoader:240 - Cannot read IP mode file for wolfSSL.I-CUBE-wolfMQTT.1.19.0
2025-03-24 22:27:00,560 [WARN] PackLoader:240 - Cannot read IP mode file for WES.I-CUBE-Cesium.1.3.0
2025-03-24 22:27:00,567 [WARN] PackLoader:240 - Cannot read IP mode file for STMicroelectronics.X-CUBE-BLE2.3.3.0
2025-03-24 22:27:00,574 [WARN] PackLoader:240 - Cannot read IP mode file for STMicroelectronics.X-CUBE-NFC9.1.0.0
2025-03-24 22:27:00,591 [WARN] PackLoader:240 - Cannot read IP mode file for STMicroelectronics.X-CUBE-BLE1.7.1.0
2025-03-24 22:27:00,606 [WARN] PackLoader:240 - Cannot read IP mode file for STMicroelectronics.X-CUBE-AZRTOS-G0.1.1.0
2025-03-24 22:27:00,616 [WARN] PackLoader:240 - Cannot read IP mode file for STMicroelectronics.X-CUBE-SAFEA1.1.2.2
2025-03-24 22:27:00,625 [WARN] PackLoader:240 - Cannot read IP mode file for STMicroelectronics.X-CUBE-NFC4.3.0.0
2025-03-24 22:27:00,635 [WARN] PackLoader:240 - Cannot read IP mode file for EmbeddedOffice.I-CUBE-FS-RTOS.1.0.1
2025-03-24 22:27:00,642 [WARN] PackLoader:240 - Cannot read IP mode file for STMicroelectronics.X-CUBE-TCPP.4.2.0
2025-03-24 22:27:00,648 [WARN] PackLoader:240 - Cannot read IP mode file for RealThread.X-CUBE-RT-Thread_Nano.4.1.1
2025-03-24 22:27:00,652 [WARN] PackLoader:240 - Cannot read IP mode file for STMicroelectronics.FP-ATR-SIGFOX1.3.2.0
2025-03-24 22:27:00,655 [WARN] ConditionMgr:438 - getConditionDescription Invalid condition id : Cortex-A Device cause : null
2025-03-24 22:27:00,671 [WARN] ConditionMgr:1044 - genDependencies : Invalid condition id : Cortex-A Device cause : null
2025-03-24 22:27:00,671 [WARN] ConditionMgr:1044 - genDependencies : Invalid condition id : Cortex-A Device cause : null
2025-03-24 22:27:00,671 [WARN] ConditionMgr:1044 - genDependencies : Invalid condition id : Cortex-A Device cause : null
2025-03-24 22:27:00,676 [WARN] PackLoader:240 - Cannot read IP mode file for STMicroelectronics.X-CUBE-EEPRMA1.5.1.0
2025-03-24 22:27:00,681 [WARN] PackLoader:240 - Cannot read IP mode file for wolfSSL.I-CUBE-wolfSSL.5.7.4
2025-03-24 22:27:00,685 [WARN] PackLoader:240 - Cannot read IP mode file for wolfSSL.I-CUBE-wolfSSL.5.7.6
2025-03-24 22:27:00,690 [WARN] PackLoader:240 - Cannot read IP mode file for ITTIA_DB.I-CUBE-ITTIADB.8.9.0
2025-03-24 22:27:00,703 [WARN] PackLoader:240 - Cannot read IP mode file for SEGGER.I-CUBE-embOS.1.3.1
2025-03-24 22:27:00,722 [WARN] PackLoader:240 - Cannot read IP mode file for STMicroelectronics.X-CUBE-ALGOBUILD.1.4.0
2025-03-24 22:27:00,726 [WARN] PackLoader:240 - Cannot read IP mode file for STMicroelectronics.X-CUBE-AI.9.1.0
2025-03-24 22:27:00,735 [WARN] PackLoader:240 - Cannot read IP mode file for STMicroelectronics.X-CUBE-AZRTOS-F4.1.1.0
2025-03-24 22:27:00,740 [WARN] PackLoader:240 - Cannot read IP mode file for STMicroelectronics.X-CUBE-ISPU.2.1.0
2025-03-24 22:27:00,748 [WARN] PackLoader:240 - Cannot read IP mode file for STMicroelectronics.X-CUBE-AZRTOS-L5.2.0.0
2025-03-24 22:27:00,753 [WARN] PackLoader:240 - Cannot read IP mode file for STMicroelectronics.X-CUBE-NFC6.3.1.0
2025-03-24 22:27:00,759 [WARN] PackLoader:240 - Cannot read IP mode file for STMicroelectronics.X-CUBE-DPower.1.2.0
2025-03-24 22:27:00,763 [WARN] PackLoader:240 - Cannot read IP mode file for STMicroelectronics.X-CUBE-FREERTOS.1.3.0
2025-03-24 22:27:00,767 [WARN] PackLoader:240 - Cannot read IP mode file for STMicroelectronics.X-CUBE-NFC7.1.0.1
2025-03-24 22:27:00,779 [WARN] ConditionMgr:438 - getConditionDescription Invalid condition id : LAN8742 Phy interface Condition cause : null
2025-03-24 22:27:00,779 [WARN] PackLoader:240 - Cannot read IP mode file for STMicroelectronics.X-CUBE-AZRTOS-L4.2.0.0
2025-03-24 22:27:00,780 [WARN] ConditionMgr:1044 - genDependencies : Invalid condition id : LAN8742 Phy interface Condition cause : null
2025-03-24 22:27:00,780 [WARN] ConditionMgr:1044 - genDependencies : Invalid condition id : LAN8742 Phy interface Condition cause : null
2025-03-24 22:27:00,782 [WARN] ConditionMgr:1044 - genDependencies : Invalid condition id : LAN8742 Phy interface Condition cause : null
2025-03-24 22:27:00,786 [WARN] PackLoader:240 - Cannot read IP mode file for STMicroelectronics.X-CUBE-SFXS2LP1.4.0.0
2025-03-24 22:27:00,802 [WARN] PackLoader:240 - Cannot read IP mode file for STMicroelectronics.X-CUBE-AZRTOS-H7.3.3.0
2025-03-24 22:27:00,811 [WARN] ConditionMgr:438 - getConditionDescription Invalid condition id : UX DEVICE CLASS RTOS Condition cause : null
2025-03-24 22:27:00,811 [WARN] ConditionMgr:438 - getConditionDescription Invalid condition id : UX DEVICE CLASS RTOS Condition cause : null
2025-03-24 22:27:00,812 [WARN] PackLoader:240 - Cannot read IP mode file for STMicroelectronics.X-CUBE-AZRTOS-WB.2.0.0
2025-03-24 22:27:00,813 [WARN] ConditionMgr:1044 - genDependencies : Invalid condition id : UX DEVICE CLASS RTOS Condition cause : null
2025-03-24 22:27:00,813 [WARN] ConditionMgr:1044 - genDependencies : Invalid condition id : UX DEVICE CLASS RTOS Condition cause : null
2025-03-24 22:27:00,813 [WARN] ConditionMgr:1044 - genDependencies : Invalid condition id : UX DEVICE CLASS RTOS Condition cause : null
2025-03-24 22:27:00,813 [WARN] ConditionMgr:1044 - genDependencies : Invalid condition id : UX DEVICE CLASS RTOS Condition cause : null
2025-03-24 22:27:00,813 [WARN] ConditionMgr:1044 - genDependencies : Invalid condition id : UX DEVICE CLASS RTOS Condition cause : null
2025-03-24 22:27:00,818 [WARN] PackLoader:240 - Cannot read IP mode file for STMicroelectronics.X-CUBE-GNSS1.7.0.1
2025-03-24 22:27:00,824 [WARN] PackLoader:240 - Cannot read IP mode file for STMicroelectronics.X-CUBE-TOUCHGFX.4.25.0
2025-03-24 22:27:00,829 [WARN] PackLoader:240 - Cannot read IP mode file for STMicroelectronics.FP-SNS-STBOX1.2.0.0
2025-03-24 22:27:00,835 [WARN] PackLoader:240 - Cannot read IP mode file for STMicroelectronics.X-CUBE-SUBG2.5.0.0
2025-03-24 22:27:00,841 [INFO] WebApp:169 - Instantiating new browser for Auth
2025-03-24 22:27:00,846 [WARN] PackLoader:240 - Cannot read IP mode file for STMicroelectronics.X-CUBE-AZRTOS-H7RS.1.1.0
2025-03-24 22:27:00,851 [WARN] PackLoader:240 - Cannot read IP mode file for Cesanta.I-CUBE-Mongoose.7.13.0
2025-03-24 22:27:00,860 [WARN] PackLoader:240 - Cannot read IP mode file for STMicroelectronics.X-CUBE-AZRTOS-G4.2.0.0
2025-03-24 22:27:00,868 [WARN] PackLoader:240 - Cannot read IP mode file for STMicroelectronics.X-CUBE-IPS.3.1.0
2025-03-24 22:27:00,878 [WARN] PackLoader:240 - Cannot read IP mode file for STMicroelectronics.X-CUBE-ALS.1.0.2
2025-03-24 22:27:00,886 [WARN] PackLoader:240 - Cannot read IP mode file for STMicroelectronics.X-CUBE-TOUCHGFX.4.24.2
2025-03-24 22:27:00,890 [WARN] PackLoader:240 - Cannot read IP mode file for wolfSSL.I-CUBE-wolfTPM.3.4.0
2025-03-24 22:27:00,894 [WARN] PackLoader:240 - Cannot read IP mode file for portGmbH.I-Cube-SoM-uGOAL.1.1.0
2025-03-24 22:27:00,903 [WARN] PackLoader:240 - Cannot read IP mode file for STMicroelectronics.X-CUBE-AZRTOS-H7RS.1.0.0
2025-03-24 22:27:00,913 [WARN] PackLoader:240 - Cannot read IP mode file for STMicroelectronics.X-CUBE-TOF1.3.4.2
2025-03-24 22:27:00,922 [WARN] PackLoader:240 - Cannot read IP mode file for wolfSSL.I-CUBE-wolfSSH.1.4.17
2025-03-24 22:27:00,922 [INFO] ThirdParty:978 - Integrity check success = true
2025-03-24 22:27:00,923 [INFO] IntegrityCheckThread:100 - exiting critical section [integrity check]
2025-03-24 22:27:00,923 [INFO] IntegrityCheckThread:103 - End integrity checks thread
2025-03-24 22:27:01,289 [INFO] WebApp:463 - Apply proxy settings
2025-03-24 22:27:01,289 [INFO] WebApp:548 - Chromium requires no authentication
2025-03-24 22:27:01,294 [INFO] WebApp:491 - Direct internet connection detected
2025-03-24 22:27:01,306 [INFO] WebApp:894 - Register for checkConnection events
2025-03-24 22:27:01,307 [INFO] WebApp:463 - Apply proxy settings
2025-03-24 22:27:01,307 [INFO] WebApp:548 - Chromium requires no authentication
2025-03-24 22:27:01,307 [INFO] WebApp:491 - Direct internet connection detected
2025-03-24 22:27:01,396 [INFO] WebApp:225 - Starting web application
2025-03-24 22:27:01,396 [INFO] WebApp:593 - Web application path used C:\ST\STM32CubeIDE_1.17.0\STM32CubeIDE\plugins\com.st.stm32cube.common.mx_6.14.0.202502271554\db\plugins\mcufinder\reactClient1\index.html
2025-03-24 22:27:01,893 [INFO] WebApp:191 - Connection restablished
2025-03-24 23:38:05,148 [ERROR] LogOutputStream:75 - [STDERR_REDIRECT] 
2025-03-24 23:38:05,149 [ERROR] LogOutputStream:75 - [STDERR_REDIRECT] 
